This is pdfTeX, Version 3.14159265-2.6-1.40.20 (TeX Live 2019) (preloaded format=pdflatex 2019.9.16)  2 OCT 2019 14:33
entering extended mode
 restricted \write18 enabled.
 %&-line parsing enabled.
**FirstExample.tex
(/usr/local/texlive/2019/texmf-dist/tex/latex/tools/q.tex
! Interruption.
<to be read again> 
                   \begingroup 
l.1 
    %%
? 
! Emergency stop.
<to be read again> 
                   \begingroup 
l.1 
    %%
End of file on the terminal!

 
Here is how much of TeX's memory you used:
 8 strings out of 492616
 268 string characters out of 6129481
 57117 words of memory out of 5000000
 4025 multiletter control sequences out of 15000+600000
 3640 words of font info for 14 fonts, out of 8000000 for 9000
 1141 hyphenation exceptions out of 8191
 3i,0n,1p,24b,6s stack positions out of 5000i,500n,10000p,200000b,80000s
!  ==> Fatal error occurred, no output PDF file produced!
